<?xml version="1.0" encoding="UTF-8"?>
<!-- Generated by org.testng.reporters.JUnitXMLReporter -->
<testsuite ignored="3" hostname="SCHATRADI-3W10" failures="0" tests="1" name="Default test" time="5.616" errors="0" timestamp="2021-04-30T18:24:09 EDT">
  <testcase classname="Test2.chromeTest2" name="testChrome1" time="5.575"/>
  <testcase classname="Test2.chromeTest2" name="testChrome2" time="0.0">
    <ignored/>
  </testcase> <!-- testChrome2 -->
  <testcase classname="Test2.chromeTest2" name="testChrome4" time="0.0">
    <ignored/>
  </testcase> <!-- testChrome4 -->
  <testcase classname="Test2.chromeTest2" name="testChrome3" time="0.0">
    <ignored/>
  </testcase> <!-- testChrome3 -->
</testsuite> <!-- Default test -->
