<?xml version="1.0" encoding="UTF-8"?>
<testng-results ignored="0" total="1" passed="1" failed="0" skipped="0">
  <reporter-output>
  </reporter-output>
  <suite started-at="2021-04-30T18:05:07 EDT" name="Default suite" finished-at="2021-04-30T18:05:15 EDT" duration-ms="7864">
    <groups>
    </groups>
    <test started-at="2021-04-30T18:05:07 EDT" name="Default test" finished-at="2021-04-30T18:05:15 EDT" duration-ms="7864">
      <class name="Test2.chromeTest2">
        <test-method signature="testChrome()[pri:0, instance:Test2.chromeTest2@223f3642]" started-at="2021-04-30T18:05:07 EDT" name="testChrome" finished-at="2021-04-30T18:05:15 EDT" duration-ms="7819" status="PASS">
          <reporter-output>
          </reporter-output>
        </test-method> <!-- testChrome -->
      </class> <!-- Test2.chromeTest2 -->
    </test> <!-- Default test -->
  </suite> <!-- Default suite -->
</testng-results>
