<?xml version="1.0" encoding="UTF-8"?>
<testng-results ignored="3" total="4" passed="1" failed="0" skipped="0">
  <reporter-output>
  </reporter-output>
  <suite started-at="2021-04-30T18:24:04 EDT" name="Default suite" finished-at="2021-04-30T18:24:09 EDT" duration-ms="5616">
    <groups>
    </groups>
    <test started-at="2021-04-30T18:24:04 EDT" name="Default test" finished-at="2021-04-30T18:24:09 EDT" duration-ms="5616">
      <class name="Test2.chromeTest2">
        <test-method signature="testChrome1()[pri:0, instance:Test2.chromeTest2@29176cc1]" started-at="2021-04-30T18:24:04 EDT" name="testChrome1" finished-at="2021-04-30T18:24:09 EDT" duration-ms="5575" status="PASS">
          <reporter-output>
          </reporter-output>
        </test-method> <!-- testChrome1 -->
      </class> <!-- Test2.chromeTest2 -->
    </test> <!-- Default test -->
  </suite> <!-- Default suite -->
</testng-results>
